<?xml version="1.0" encoding="UTF-8"?>
<!-- Generated by org.testng.reporters.JUnitReportReporter -->
<testsuite hostname="LAPTOP-LP12JFC0" failures="0" tests="4" name="com.studentapi.testCases.TC001_GET_AllStudents" time="0.078" errors="0" timestamp="2023-04-11T11:30:41 IST" skipped="0">
  <testcase classname="com.studentapi.testCases.TC001_GET_AllStudents" name="checkStatusCode" time="0.011"/>
  <system-out/>
  <testcase classname="com.studentapi.testCases.TC001_GET_AllStudents" name="checkHeader" time="0.013"/>
  <system-out/>
  <testcase classname="com.studentapi.testCases.TC001_GET_AllStudents" name="checkStatusLine" time="0.005"/>
  <system-out/>
  <testcase classname="com.studentapi.testCases.TC001_GET_AllStudents" name="checkResponseBody" time="0.049"/>
  <system-out/>
</testsuite> <!-- com.studentapi.testCases.TC001_GET_AllStudents -->
