<?xml version="1.0" encoding="UTF-8"?>
<!-- Generated by org.testng.reporters.JUnitReportReporter -->
<testsuite hostname="LAPTOP-LP12JFC0" failures="0" tests="4" name="com.studentapi.testCases.TC003_POST_AddStudent" time="0.023" errors="0" timestamp="2023-04-11T11:30:41 IST" skipped="0">
  <testcase classname="com.studentapi.testCases.TC003_POST_AddStudent" name="checkStatusLine" time="0.005"/>
  <system-out/>
  <testcase classname="com.studentapi.testCases.TC003_POST_AddStudent" name="checkHeader" time="0.003"/>
  <system-out/>
  <testcase classname="com.studentapi.testCases.TC003_POST_AddStudent" name="checkResponseBody" time="0.008"/>
  <system-out/>
  <testcase classname="com.studentapi.testCases.TC003_POST_AddStudent" name="checkStatusCode" time="0.007"/>
  <system-out/>
</testsuite> <!-- com.studentapi.testCases.TC003_POST_AddStudent -->
